git 

git --version

cd desktop

cd code 

git clone git@github.com:Waleediesto/FrontEndDesignScreencast.git

touch index.html

touch app.js

touch main.css

cd "FrontEndDesignScreencast"

git add . 

git commit -m "initial commit"

git push

ls -la

git add . 

git commit -m "HTML skeleton"

git push 

git pull

ls 

git status

git add . 

git push 

git status 

git diff

^C

git add . 

git commit

git push

git status 

git diff

git add . 

git commit

git push

git pull

git add .

git commit -m "add base CCS and color reference"

git status 

git add .

git commit

git push 

git add . 

git commit -m "add classes to news section"

git push 

git pull 

git commit 

;xa'

git push 

git pull

git pull 

git add . 

git commit -m "add news meta HTML"

git push 

git status

git add . 

git commit -m "style news meta"

git push 

